<?xml version="1.0" encoding="UTF-8"?>
<testng-results ignored="0" total="1" passed="1" failed="0" skipped="0">
  <reporter-output>
  </reporter-output>
  <suite started-at="2023-01-03T11:55:31 IST" name="Default suite" finished-at="2023-01-03T11:55:31 IST" duration-ms="67">
    <groups>
    </groups>
    <test started-at="2023-01-03T11:55:31 IST" name="Default test" finished-at="2023-01-03T11:55:31 IST" duration-ms="67">
      <class name="streamtest">
        <test-method signature="sortList()[pri:0, instance:streamtest@1ddf84b8]" started-at="2023-01-03T11:55:31 IST" name="sortList" finished-at="2023-01-03T11:55:31 IST" duration-ms="17" status="PASS">
          <reporter-output>
          </reporter-output>
        </test-method> <!-- sortList -->
      </class> <!-- streamtest -->
    </test> <!-- Default test -->
  </suite> <!-- Default suite -->
</testng-results>
